


ARM Macro Assembler    Page 1 


    1 00000000                 AREA             RESET, DATA, READONLY
    2 00000000                 EXPORT           __Vectors
    3 00000000         __Vectors
    4 00000000 40001001        DCD              0x40001001
    5 00000004 00000000        DCD              Reset_Handler
    6 00000008                 ALIGN
    7 00000008                 AREA             myasmprog, CODE, READONLY
    8 00000000                 ENTRY
    9 00000000                 EXPORT           Reset_Handler
   10 00000000         Reset_Handler
   11 00000000 4910            LDR              R1,=SRC
   12 00000002 4A11            LDR              R2,=DST
   13 00000004 F04F 040A       MOV              R4,#10
   14 00000008         MY_LOOP
   15 00000008 F851 3B04       LDR              R3,[R1],#4
   16 0000000C F842 3B04       STR              R3,[R2],#4
   17 00000010 3C01            SUBS             R4,#1
   18 00000012 F094 0F00       TEQ              R4,#0
   19 00000016 D1F7            BNE              MY_LOOP
   20 00000018         STOP
   21 00000018 E7FE            B                STOP
   22 0000001A 00 00 00000001 
              00000002 
              00000003 
              00000004 
              00000005 
              00000006 
              00000007 
              00000008 
              00000009 
              00000010 SRC     DCD              0x1,0x2,0x3,0x4,0x5,0x6,0x7,0x8
,0x9,0x10
   23 00000044 00000000 
              00000000         AREA             mydata, DATA, READWRITE
   24 00000000 00000000 
              00000000 
              00000000 
              00000000 
              00000000 
              00000000 
              00000000 
              00000000 
              00000000 
              00000000 DST     DCD              0,0,0,0,0,0,0,0,0,0
   25 00000028                 END
Command Line: --debug --xref --cpu=Cortex-M3 --apcs=interwork --depend=1.d -o1.
o -IC:\Keil\ARM\RV31\INC -IC:\Keil\ARM\CMSIS\Include -IC:\Keil\ARM\Inc\NXP\LPC1
7xx --predefine="__EVAL SETA 1" --list=1.lst 1.s



ARM Macro Assembler    Page 1 Alphabetic symbol ordering
Relocatable symbols

RESET 00000000

Symbol: RESET
   Definitions
      At line 1 in file 1.s
   Uses
      None
Comment: RESET unused
__Vectors 00000000

Symbol: __Vectors
   Definitions
      At line 3 in file 1.s
   Uses
      At line 2 in file 1.s
Comment: __Vectors used once
2 symbols



ARM Macro Assembler    Page 1 Alphabetic symbol ordering
Relocatable symbols

MY_LOOP 00000008

Symbol: MY_LOOP
   Definitions
      At line 14 in file 1.s
   Uses
      At line 19 in file 1.s
Comment: MY_LOOP used once
Reset_Handler 00000000

Symbol: Reset_Handler
   Definitions
      At line 10 in file 1.s
   Uses
      At line 5 in file 1.s
      At line 9 in file 1.s

SRC 0000001C

Symbol: SRC
   Definitions
      At line 22 in file 1.s
   Uses
      At line 11 in file 1.s
Comment: SRC used once
STOP 00000018

Symbol: STOP
   Definitions
      At line 20 in file 1.s
   Uses
      At line 21 in file 1.s
Comment: STOP used once
myasmprog 00000000

Symbol: myasmprog
   Definitions
      At line 7 in file 1.s
   Uses
      None
Comment: myasmprog unused
5 symbols



ARM Macro Assembler    Page 1 Alphabetic symbol ordering
Relocatable symbols

DST 00000000

Symbol: DST
   Definitions
      At line 24 in file 1.s
   Uses
      At line 12 in file 1.s
Comment: DST used once
mydata 00000000

Symbol: mydata
   Definitions
      At line 23 in file 1.s
   Uses
      None
Comment: mydata unused
2 symbols
342 symbols in table
