


ARM Macro Assembler    Page 1 


    1 00000000                 AREA             RESET, DATA, READONLY
    2 00000000                 EXPORT           __Vectors
    3 00000000         __Vectors
    4 00000000 40001000        DCD              0x40001000
    5 00000004 00000000        DCD              Reset_Handler
    6 00000008                 ALIGN
    7 00000008                 AREA             mycode, CODE, READONLY
    8 00000000                 ENTRY
    9 00000000                 EXPORT           Reset_Handler
   10 00000000         Reset_Handler
   11 00000000 F04F 0001       MOV              R0, #1
   12 00000004 4904            LDR              R1, VALUE1
   13 00000006 4A05            LDR              R2, VALUE2
   14 00000008         My_Loop
   15 00000008 4291            CMP              R1, R2
   16 0000000A BF88 1A89       SUBHI            R1, R1, R2
   17 0000000E BF38 1A52       SUBLO            R2, R2, R1
   18 00000012 D1F9            BNE              My_Loop
   19 00000014         STOP
   20 00000014 E7FE            B                STOP
   21 00000016 00 00 00000150 
                       VALUE1  DCD              0x150       ;336
   22 0000001C 000013BC 
                       VALUE2  DCD              0x13BC      ;5052  ANS=12 [0xC]
                                                            
   23 00000020                 AREA             data, DATA, READWRITE
   24 00000000                 END
Command Line: --debug --xref --cpu=Cortex-M3 --apcs=interwork --depend=2.d -o2.
o -IC:\Keil\ARM\RV31\INC -IC:\Keil\ARM\CMSIS\Include -IC:\Keil\ARM\Inc\NXP\LPC1
7xx --predefine="__EVAL SETA 1" --list=2.lst 2.s



ARM Macro Assembler    Page 1 Alphabetic symbol ordering
Relocatable symbols

RESET 00000000

Symbol: RESET
   Definitions
      At line 1 in file 2.s
   Uses
      None
Comment: RESET unused
__Vectors 00000000

Symbol: __Vectors
   Definitions
      At line 3 in file 2.s
   Uses
      At line 2 in file 2.s
Comment: __Vectors used once
2 symbols



ARM Macro Assembler    Page 1 Alphabetic symbol ordering
Relocatable symbols

My_Loop 00000008

Symbol: My_Loop
   Definitions
      At line 14 in file 2.s
   Uses
      At line 18 in file 2.s
Comment: My_Loop used once
Reset_Handler 00000000

Symbol: Reset_Handler
   Definitions
      At line 10 in file 2.s
   Uses
      At line 5 in file 2.s
      At line 9 in file 2.s

STOP 00000014

Symbol: STOP
   Definitions
      At line 19 in file 2.s
   Uses
      At line 20 in file 2.s
Comment: STOP used once
VALUE1 00000018

Symbol: VALUE1
   Definitions
      At line 21 in file 2.s
   Uses
      At line 12 in file 2.s
Comment: VALUE1 used once
VALUE2 0000001C

Symbol: VALUE2
   Definitions
      At line 22 in file 2.s
   Uses
      At line 13 in file 2.s
Comment: VALUE2 used once
mycode 00000000

Symbol: mycode
   Definitions
      At line 7 in file 2.s
   Uses
      None
Comment: mycode unused
6 symbols



ARM Macro Assembler    Page 1 Alphabetic symbol ordering
Relocatable symbols

data 00000000

Symbol: data
   Definitions
      At line 23 in file 2.s
   Uses
      None
Comment: data unused
1 symbol
340 symbols in table
