


ARM Macro Assembler    Page 1 


    1 00000000                 AREA             RESET, DATA, READONLY
    2 00000000                 EXPORT           __Vectors
    3 00000000         __Vectors
    4 00000000 40001000        DCD              0x40001000
    5 00000004 00000000        DCD              Reset_Handler
    6 00000008                 ALIGN
    7 00000008                 AREA             mycode, CODE, READONLY
    8 00000000                 ENTRY
    9 00000000                 EXPORT           Reset_Handler
   10 00000000         Reset_Handler
   11 00000000 F04F 000A       MOV              R0, #10     ;n
   12 00000004 F04F 0200       MOV              R2, #0      ;sum
   13 00000008 F04F 0401       MOV              R4, #1      ;multiplier
   14 0000000C         My_Loop
   15 0000000C FB00 2304       MLA              R3, R0, R4, R2
   16 00000010 461A            MOV              R2, R3
   17 00000012 1E40            SUBS             R0, R0, #1
   18 00000014 2800            CMP              R0, #0
   19 00000016 D1F9            BNE              My_Loop
   20 00000018         STOP
   21 00000018 E7FE            B                STOP
   22 0000001A 00 00 10000000 
                       VALUE   DCD              0x10000000
   23 00000020                 AREA             data, DATA, READWRITE
   24 00000000                 END
Command Line: --debug --xref --cpu=Cortex-M3 --apcs=interwork --depend=1.d -o1.
o -IC:\Keil\ARM\RV31\INC -IC:\Keil\ARM\CMSIS\Include -IC:\Keil\ARM\Inc\NXP\LPC1
7xx --predefine="__EVAL SETA 1" --list=1.lst 1.s



ARM Macro Assembler    Page 1 Alphabetic symbol ordering
Relocatable symbols

RESET 00000000

Symbol: RESET
   Definitions
      At line 1 in file 1.s
   Uses
      None
Comment: RESET unused
__Vectors 00000000

Symbol: __Vectors
   Definitions
      At line 3 in file 1.s
   Uses
      At line 2 in file 1.s
Comment: __Vectors used once
2 symbols



ARM Macro Assembler    Page 1 Alphabetic symbol ordering
Relocatable symbols

My_Loop 0000000C

Symbol: My_Loop
   Definitions
      At line 14 in file 1.s
   Uses
      At line 19 in file 1.s
Comment: My_Loop used once
Reset_Handler 00000000

Symbol: Reset_Handler
   Definitions
      At line 10 in file 1.s
   Uses
      At line 5 in file 1.s
      At line 9 in file 1.s

STOP 00000018

Symbol: STOP
   Definitions
      At line 20 in file 1.s
   Uses
      At line 21 in file 1.s
Comment: STOP used once
VALUE 0000001C

Symbol: VALUE
   Definitions
      At line 22 in file 1.s
   Uses
      None
Comment: VALUE unused
mycode 00000000

Symbol: mycode
   Definitions
      At line 7 in file 1.s
   Uses
      None
Comment: mycode unused
5 symbols



ARM Macro Assembler    Page 1 Alphabetic symbol ordering
Relocatable symbols

data 00000000

Symbol: data
   Definitions
      At line 23 in file 1.s
   Uses
      None
Comment: data unused
1 symbol
339 symbols in table
