


ARM Macro Assembler    Page 1 


    1 00000000                 AREA             RESET, DATA, READONLY
    2 00000000                 EXPORT           __Vectors
    3 00000000         __Vectors
    4 00000000 100000FF        DCD              0x100000FF  ; stack pointer val
                                                            ue when stack is em
                                                            pty
    5 00000004 00000000        DCD              Reset_Handler ; reset vector
    6 00000008                 ALIGN
    7 00000008                 AREA             mycode, CODE, READONLY
    8 00000000                 EXPORT           Reset_Handler
    9 00000000                 ENTRY
   10 00000000         Reset_Handler
   11 00000000 4812            LDR              R0, =SRC
   12 00000002 4912            LDR              R1, =SRC
   13 00000004 F101 0124       ADD              R1, #36
   14 00000008 F04F 0205       MOV              R2, #5
   15 0000000C F04F 5380       LDR              R3, =0X10000000
   16 00000010         My_Loop
   17 00000010 6804            LDR              R4,[R0]
   18 00000012 680D            LDR              R5,[R1]
   19 00000014 F841 4904       STR              R4,[R1],#-4
   20 00000018 F840 5B04       STR              R5,[R0],#4
   21 0000001C 3A01            SUBS             R2, #1
   22 0000001E D1F7            BNE              My_Loop
   23 00000020         STOP
   24 00000020 E7FE            B                STOP
   25 00000022 00 00 12345678 
              22222222 
              33333333 
              44444444 
              55555555 
              66666666 
              77777777 
              88888888 
              99999999 
              AAAAAAAA SRC     DCD              0X12345678, 0X22222222, 0X33333
333, 0X44444444, 0X55555555, 0X66666666, 0X77777777, 0X88888888, 0X99999999, 0X
AAAAAAAA
   26 0000004C                 END
              00000000 
              00000000 
Command Line: --debug --xref --cpu=Cortex-M3 --apcs=interwork --depend=2.d -o2.
o -IC:\Keil\ARM\RV31\INC -IC:\Keil\ARM\CMSIS\Include -IC:\Keil\ARM\Inc\NXP\LPC1
7xx --predefine="__EVAL SETA 1" --list=2.lst 2.s



ARM Macro Assembler    Page 1 Alphabetic symbol ordering
Relocatable symbols

RESET 00000000

Symbol: RESET
   Definitions
      At line 1 in file 2.s
   Uses
      None
Comment: RESET unused
__Vectors 00000000

Symbol: __Vectors
   Definitions
      At line 3 in file 2.s
   Uses
      At line 2 in file 2.s
Comment: __Vectors used once
2 symbols



ARM Macro Assembler    Page 1 Alphabetic symbol ordering
Relocatable symbols

My_Loop 00000010

Symbol: My_Loop
   Definitions
      At line 16 in file 2.s
   Uses
      At line 22 in file 2.s
Comment: My_Loop used once
Reset_Handler 00000000

Symbol: Reset_Handler
   Definitions
      At line 10 in file 2.s
   Uses
      At line 5 in file 2.s
      At line 8 in file 2.s

SRC 00000024

Symbol: SRC
   Definitions
      At line 25 in file 2.s
   Uses
      At line 11 in file 2.s
      At line 12 in file 2.s

STOP 00000020

Symbol: STOP
   Definitions
      At line 23 in file 2.s
   Uses
      At line 24 in file 2.s
Comment: STOP used once
mycode 00000000

Symbol: mycode
   Definitions
      At line 7 in file 2.s
   Uses
      None
Comment: mycode unused
5 symbols
340 symbols in table
